<?xml version="1.0" encoding="UTF-8"?>
<!-- Generated by org.testng.reporters.JUnitReportReporter -->
<testsuite name="TestRun.SampleTests" tests="1" time="35.346" ignored="0" failures="0" timestamp="11 May 2020 18:49:33 GMT" skipped="0" hostname="Ramkumar-PC" errors="0">
  <testcase name="setUp" time="35.346" classname="TestRun.SampleTests"/>
</testsuite> <!-- TestRun.SampleTests -->
