<?xml version="1.0" encoding="UTF-8"?>
<!-- Generated by org.testng.reporters.JUnitReportReporter -->
<testsuite name="TestRun.SampleTests" tests="1" time="72.955" ignored="0" failures="0" timestamp="01 Jul 2020 20:09:08 GMT" skipped="0" hostname="Ramkumar-PC" errors="0">
  <testcase name="setUp" time="72.955" classname="TestRun.SampleTests"/>
</testsuite> <!-- TestRun.SampleTests -->
