<?xml version="1.0" encoding="UTF-8"?>
<!-- Generated by org.testng.reporters.JUnitReportReporter -->
<testsuite name="TestRun.SampleTests" tests="1" time="172.483" ignored="0" failures="0" timestamp="04 Jul 2020 18:52:59 GMT" skipped="0" hostname="Ramkumar-PC" errors="0">
  <testcase name="driversetUp" time="172.483" classname="TestRun.SampleTests"/>
</testsuite> <!-- TestRun.SampleTests -->
