<?xml version="1.0" encoding="UTF-8"?>
<!-- Generated by org.testng.reporters.JUnitReportReporter -->
<testsuite name="TestRun.SampleTests" tests="1" time="88.964" ignored="0" failures="0" timestamp="09 May 2020 19:39:16 GMT" skipped="0" hostname="Ramkumar-PC" errors="0">
  <testcase name="setUp" time="88.964" classname="TestRun.SampleTests"/>
</testsuite> <!-- TestRun.SampleTests -->
